[0m06:22:56.324753 [debug] [MainThread]: Sending event: {'category': 'dbt', 'action': 'invocation', 'label': 'start', 'context': [<snowplow_tracker.self_describing_json.SelfDescribingJson object at 0x7f3846181590>, <snowplow_tracker.self_describing_json.SelfDescribingJson object at 0x7f3845fb7650>, <snowplow_tracker.self_describing_json.SelfDescribingJson object at 0x7f3846605290>]}


============================== 06:22:56.327458 | 6761547d-1698-4537-801f-817b519cc0fa ==============================
[0m06:22:56.327458 [info ] [MainThread]: Running with dbt=1.7.7
[0m06:22:56.328184 [debug] [MainThread]: running dbt with arguments {'printer_width': '80', 'indirect_selection': 'eager', 'write_json': 'True', 'log_cache_events': 'False', 'partial_parse': 'True', 'cache_selected_only': 'False', 'warn_error': 'None', 'version_check': 'True', 'profiles_dir': '/home/kibiravickie/Documents/GitHub/kibiravickie', 'log_path': 'logs', 'debug': 'False', 'fail_fast': 'False', 'use_colors': 'True', 'use_experimental_parser': 'False', 'no_print': 'None', 'quiet': 'False', 'log_format': 'default', 'invocation_command': 'dbt init', 'warn_error_options': 'WarnErrorOptions(include=[], exclude=[])', 'static_parser': 'True', 'target_path': 'None', 'introspect': 'True', 'send_anonymous_usage_stats': 'True'}
[0m06:23:07.746024 [debug] [MainThread]: Starter project path: /home/kibiravickie/miniconda3/lib/python3.11/site-packages/dbt/include/starter_project
[0m06:23:07.751882 [info ] [MainThread]: 
Your new dbt project "ny_taxi_rides" was created!

For more information on how to configure the profiles.yml file,
please consult the dbt documentation here:

  https://docs.getdbt.com/docs/configure-your-profile

One more thing:

Need help? Don't hesitate to reach out to us via GitHub issues or on Slack:

  https://community.getdbt.com/

Happy modeling!

[0m06:23:07.753018 [info ] [MainThread]: Setting up your profile.
[0m06:23:42.278655 [info ] [MainThread]: Profile ny_taxi_rides written to /home/kibiravickie/Documents/GitHub/kibiravickie/profiles.yml using target's profile_template.yml and your supplied values. Run 'dbt debug' to validate the connection.
[0m06:23:42.280192 [debug] [MainThread]: Resource report: {"command_name": "init", "command_success": true, "command_wall_clock_time": 45.99252, "process_user_time": 1.751741, "process_kernel_time": 0.167658, "process_mem_max_rss": "101804", "process_out_blocks": "88", "process_in_blocks": "0"}
[0m06:23:42.281238 [debug] [MainThread]: Command `dbt init` succeeded at 06:23:42.280861 after 45.99 seconds
[0m06:23:42.281904 [debug] [MainThread]: Sending event: {'category': 'dbt', 'action': 'invocation', 'label': 'end', 'context': [<snowplow_tracker.self_describing_json.SelfDescribingJson object at 0x7f384615f510>, <snowplow_tracker.self_describing_json.SelfDescribingJson object at 0x7f384616f290>, <snowplow_tracker.self_describing_json.SelfDescribingJson object at 0x7f3846a1a550>]}
[0m06:23:42.282511 [debug] [MainThread]: Flushing usage events
